Determining if the pthread_create exist failed with the following output:
Change Dir: /home/openqt/Documents/binaries/dlib-19.20/build/CMakeFiles/CMakeTmp

Run Build Command:"/usr/bin/make" "cmTC_e613a/fast"
/usr/bin/make -f CMakeFiles/cmTC_e613a.dir/build.make CMakeFiles/cmTC_e613a.dir/build
make[1]: Entering directory '/home/openqt/Documents/binaries/dlib-19.20/build/CMakeFiles/CMakeTmp'
Building C object CMakeFiles/cmTC_e613a.dir/CheckSymbolExists.c.o
/usr/bin/cc    -o CMakeFiles/cmTC_e613a.dir/CheckSymbolExists.c.o   -c /home/openqt/Documents/binaries/dlib-19.20/build/CMakeFiles/CMakeTmp/CheckSymbolExists.c
Linking C executable cmTC_e613a
/usr/bin/cmake -E cmake_link_script CMakeFiles/cmTC_e613a.dir/link.txt --verbose=1
/usr/bin/cc      -rdynamic CMakeFiles/cmTC_e613a.dir/CheckSymbolExists.c.o  -o cmTC_e613a 
CMakeFiles/cmTC_e613a.dir/CheckSymbolExists.c.o: In function `main':
CheckSymbolExists.c:(.text+0x1b): undefined reference to `pthread_create'
collect2: error: ld returned 1 exit status
CMakeFiles/cmTC_e613a.dir/build.make:97: recipe for target 'cmTC_e613a' failed
make[1]: *** [cmTC_e613a] Error 1
make[1]: Leaving directory '/home/openqt/Documents/binaries/dlib-19.20/build/CMakeFiles/CMakeTmp'
Makefile:126: recipe for target 'cmTC_e613a/fast' failed
make: *** [cmTC_e613a/fast] Error 2

File /home/openqt/Documents/binaries/dlib-19.20/build/CMakeFiles/CMakeTmp/CheckSymbolExists.c:
/* */
#include <pthread.h>

int main(int argc, char** argv)
{
  (void)argv;
#ifndef pthread_create
  return ((int*)(&pthread_create))[argc];
#else
  (void)argc;
  return 0;
#endif
}

Determining if the function pthread_create exists in the pthreads failed with the following output:
Change Dir: /home/openqt/Documents/binaries/dlib-19.20/build/CMakeFiles/CMakeTmp

Run Build Command:"/usr/bin/make" "cmTC_3d209/fast"
/usr/bin/make -f CMakeFiles/cmTC_3d209.dir/build.make CMakeFiles/cmTC_3d209.dir/build
make[1]: Entering directory '/home/openqt/Documents/binaries/dlib-19.20/build/CMakeFiles/CMakeTmp'
Building C object CMakeFiles/cmTC_3d209.dir/CheckFunctionExists.c.o
/usr/bin/cc   -DCHECK_FUNCTION_EXISTS=pthread_create   -o CMakeFiles/cmTC_3d209.dir/CheckFunctionExists.c.o   -c /usr/share/cmake-3.10/Modules/CheckFunctionExists.c
Linking C executable cmTC_3d209
/usr/bin/cmake -E cmake_link_script CMakeFiles/cmTC_3d209.dir/link.txt --verbose=1
/usr/bin/cc  -DCHECK_FUNCTION_EXISTS=pthread_create    -rdynamic CMakeFiles/cmTC_3d209.dir/CheckFunctionExists.c.o  -o cmTC_3d209 -lpthreads 
/usr/bin/ld: cannot find -lpthreads
collect2: error: ld returned 1 exit status
CMakeFiles/cmTC_3d209.dir/build.make:97: recipe for target 'cmTC_3d209' failed
make[1]: *** [cmTC_3d209] Error 1
make[1]: Leaving directory '/home/openqt/Documents/binaries/dlib-19.20/build/CMakeFiles/CMakeTmp'
Makefile:126: recipe for target 'cmTC_3d209/fast' failed
make: *** [cmTC_3d209/fast] Error 2


Determining if the function sgesv exists failed with the following output:
Change Dir: /home/openqt/Documents/binaries/dlib-19.20/build/CMakeFiles/CMakeTmp

Run Build Command:"/usr/bin/make" "cmTC_721d9/fast"
/usr/bin/make -f CMakeFiles/cmTC_721d9.dir/build.make CMakeFiles/cmTC_721d9.dir/build
make[1]: Entering directory '/home/openqt/Documents/binaries/dlib-19.20/build/CMakeFiles/CMakeTmp'
Building C object CMakeFiles/cmTC_721d9.dir/CheckFunctionExists.c.o
/usr/bin/cc   -DCHECK_FUNCTION_EXISTS=sgesv   -o CMakeFiles/cmTC_721d9.dir/CheckFunctionExists.c.o   -c /usr/share/cmake-3.10/Modules/CheckFunctionExists.c
Linking C executable cmTC_721d9
/usr/bin/cmake -E cmake_link_script CMakeFiles/cmTC_721d9.dir/link.txt --verbose=1
/usr/bin/cc  -DCHECK_FUNCTION_EXISTS=sgesv    -rdynamic CMakeFiles/cmTC_721d9.dir/CheckFunctionExists.c.o  -o cmTC_721d9 /usr/lib/x86_64-linux-gnu/liblapack.so 
CMakeFiles/cmTC_721d9.dir/CheckFunctionExists.c.o: In function `main':
CheckFunctionExists.c:(.text+0x10): undefined reference to `sgesv'
collect2: error: ld returned 1 exit status
CMakeFiles/cmTC_721d9.dir/build.make:98: recipe for target 'cmTC_721d9' failed
make[1]: *** [cmTC_721d9] Error 1
make[1]: Leaving directory '/home/openqt/Documents/binaries/dlib-19.20/build/CMakeFiles/CMakeTmp'
Makefile:126: recipe for target 'cmTC_721d9/fast' failed
make: *** [cmTC_721d9/fast] Error 2


